[debug] [2018-11-03T21:03:53.560Z] ----------------------------------------------------------------------
[debug] [2018-11-03T21:03:53.565Z] Command:       C:\Program Files\nodejs\node.exe C:\Users\islam\AppData\Roaming\npm\node_modules\firebase-tools\bin\firebase init
[debug] [2018-11-03T21:03:53.566Z] CLI Version:   3.19.2
[debug] [2018-11-03T21:03:53.566Z] Platform:      win32
[debug] [2018-11-03T21:03:53.566Z] Node Version:  v8.11.3
[debug] [2018-11-03T21:03:53.567Z] Time:          Sat Nov 03 2018 17:03:53 GMT-0400 (Eastern Daylight Time)
[debug] [2018-11-03T21:03:53.568Z] ----------------------------------------------------------------------
[debug] 
[debug] [2018-11-03T21:03:53.585Z] > command requires scopes: ["email","openid","https://www.googleapis.com/auth/cloudplatformprojects.readonly","https://www.googleapis.com/auth/firebase"]
[debug] [2018-11-03T21:03:53.586Z] > authorizing via signed-in user
[info] 
     ######## #### ########  ######## ########     ###     ######  ########
     ##        ##  ##     ## ##       ##     ##  ##   ##  ##       ##
     ######    ##  ########  ######   ########  #########  ######  ######
     ##        ##  ##    ##  ##       ##     ## ##     ##       ## ##
     ##       #### ##     ## ######## ########  ##     ##  ######  ########

You're about to initialize a Firebase project in this directory:

  D:\Projects\IdeaHackCCNY\HerQuest\herquest

Before we get started, keep in mind:

  * You are initializing in an existing Firebase project directory

[info] 
=== Project Setup
[info] 
[info] First, let's associate this project directory with a Firebase project.
[info] You can create multiple project aliases by running firebase use --add, 
[info] but for now we'll just set up a default project.
[info] 
[debug] [2018-11-03T21:04:14.691Z] >>> HTTP REQUEST GET https://admin.firebase.com/v1/projects  
  
 Sat Nov 03 2018 17:04:14 GMT-0400 (Eastern Daylight Time)
[debug] [2018-11-03T21:04:15.140Z] <<< HTTP RESPONSE 200
[info] i  .firebaserc already has a default project, skipping
[info] 
=== Storage Setup
[info] 
[info] Firebase Storage Security Rules allow you to define how and when to allow
[info] uploads and downloads. You can keep these rules in your project directory
[info] and publish them with firebase deploy.
[info] 
[debug] [2018-11-03T21:04:33.545Z] ----------------------------------------------------------------------
[debug] [2018-11-03T21:04:33.550Z] Command:       C:\Program Files\nodejs\node.exe C:\Users\islam\AppData\Roaming\npm\node_modules\firebase-tools\bin\firebase init
[debug] [2018-11-03T21:04:33.550Z] CLI Version:   3.19.2
[debug] [2018-11-03T21:04:33.550Z] Platform:      win32
[debug] [2018-11-03T21:04:33.550Z] Node Version:  v8.11.3
[debug] [2018-11-03T21:04:33.551Z] Time:          Sat Nov 03 2018 17:04:33 GMT-0400 (Eastern Daylight Time)
[debug] [2018-11-03T21:04:33.552Z] ----------------------------------------------------------------------
[debug] 
[debug] [2018-11-03T21:04:33.566Z] > command requires scopes: ["email","openid","https://www.googleapis.com/auth/cloudplatformprojects.readonly","https://www.googleapis.com/auth/firebase"]
[debug] [2018-11-03T21:04:33.567Z] > authorizing via signed-in user
[info] 
     ######## #### ########  ######## ########     ###     ######  ########
     ##        ##  ##     ## ##       ##     ##  ##   ##  ##       ##
     ######    ##  ########  ######   ########  #########  ######  ######
     ##        ##  ##    ##  ##       ##     ## ##     ##       ## ##
     ##       #### ##     ## ######## ########  ##     ##  ######  ########

You're about to initialize a Firebase project in this directory:

  D:\Projects\IdeaHackCCNY\HerQuest\herquest

Before we get started, keep in mind:

  * You are initializing in an existing Firebase project directory

[info] 
=== Project Setup
[info] 
[info] First, let's associate this project directory with a Firebase project.
[info] You can create multiple project aliases by running firebase use --add, 
[info] but for now we'll just set up a default project.
[info] 
[debug] [2018-11-03T21:05:37.443Z] >>> HTTP REQUEST GET https://admin.firebase.com/v1/projects  
  
 Sat Nov 03 2018 17:05:37 GMT-0400 (Eastern Daylight Time)
[debug] [2018-11-03T21:05:38.368Z] <<< HTTP RESPONSE 200
[info] i  .firebaserc already has a default project, skipping
[info] 
=== Storage Setup
[info] 
[info] Firebase Storage Security Rules allow you to define how and when to allow
[info] uploads and downloads. You can keep these rules in your project directory
[info] and publish them with firebase deploy.
[info] 
[debug] [2018-11-03T21:05:56.796Z] ----------------------------------------------------------------------
[debug] [2018-11-03T21:05:56.799Z] Command:       C:\Program Files\nodejs\node.exe C:\Users\islam\AppData\Roaming\npm\node_modules\firebase-tools\bin\firebase init
[debug] [2018-11-03T21:05:56.800Z] CLI Version:   3.19.2
[debug] [2018-11-03T21:05:56.800Z] Platform:      win32
[debug] [2018-11-03T21:05:56.800Z] Node Version:  v8.11.3
[debug] [2018-11-03T21:05:56.801Z] Time:          Sat Nov 03 2018 17:05:56 GMT-0400 (Eastern Daylight Time)
[debug] [2018-11-03T21:05:56.801Z] ----------------------------------------------------------------------
[debug] 
[debug] [2018-11-03T21:05:56.815Z] > command requires scopes: ["email","openid","https://www.googleapis.com/auth/cloudplatformprojects.readonly","https://www.googleapis.com/auth/firebase"]
[debug] [2018-11-03T21:05:56.815Z] > authorizing via signed-in user
[info] 
     ######## #### ########  ######## ########     ###     ######  ########
     ##        ##  ##     ## ##       ##     ##  ##   ##  ##       ##
     ######    ##  ########  ######   ########  #########  ######  ######
     ##        ##  ##    ##  ##       ##     ## ##     ##       ## ##
     ##       #### ##     ## ######## ########  ##     ##  ######  ########

You're about to initialize a Firebase project in this directory:

  D:\Projects\IdeaHackCCNY\HerQuest\herquest

Before we get started, keep in mind:

  * You are initializing in an existing Firebase project directory

